{
  "RSpec": {
    "coverage": {
      "/Users/irinabaldwin/Dropbox/Projects/daily-diary-IB/spec/setup_test_database.rb": [
        1,
        null,
        1,
        5,
        5,
        null
      ],
      "/Users/irinabaldwin/Dropbox/Projects/daily-diary-IB/app.rb": [
        1,
        1,
        1,
        null,
        1,
        null,
        null,
        1,
        4,
        4,
        null,
        null,
        null,
        1,
        1,
        1,
        null,
        null,
        1,
        4,
        null,
        null,
        1,
        4,
        4,
        null,
        null,
        1,
        null,
        null
      ],
      "/Users/irinabaldwin/Dropbox/Projects/daily-diary-IB/lib/diary_entry.rb": [
        1,
        1,
        null,
        1,
        null,
        1,
        null,
        1,
        15,
        15,
        15,
        15,
        null,
        null,
        1,
        7,
        7,
        7,
        null,
        null,
        1,
        5,
        5,
        12,
        null,
        null,
        1,
        1,
        3,
        null,
        null,
        1,
        1,
        1,
        1,
        null,
        null,
        1,
        13,
        13,
        null,
        null,
        null
      ],
      "/Users/irinabaldwin/Dropbox/Projects/daily-diary-IB/spec/diary_entry_spec.rb": [
        1,
        null,
        1,
        1,
        1,
        1,
        1,
        null,
        null,
        null,
        1,
        1,
        1,
        1,
        1,
        null,
        null,
        null
      ],
      "/Users/irinabaldwin/Dropbox/Projects/daily-diary-IB/spec/features/add_entry_spec.rb": [
        1,
        null,
        1,
        1,
        1,
        1,
        1,
        1,
        1,
        null,
        null
      ],
      "/Users/irinabaldwin/Dropbox/Projects/daily-diary-IB/spec/features/titles_on_homepage_spec.rb": [
        1,
        1,
        1,
        1,
        1,
        1,
        1,
        1,
        1,
        1,
        null,
        null,
        1,
        1,
        1,
        1,
        1,
        1,
        1,
        1,
        null,
        null
      ]
    },
    "timestamp": 1540465477
  }
}
